<?xml version="1.0" encoding="UTF-8"?>
<testsuite name="it.unisa.company.ManagerTest" tests="3" skipped="0" failures="0" errors="0" timestamp="2022-11-06T19:29:40" hostname="LAPTOP-ESSJCQE0" time="0.001">
  <properties/>
  <testcase name="setHourlyWageTest" classname="it.unisa.company.ManagerTest" time="0.001"/>
  <testcase name="setWorkedHoursTest" classname="it.unisa.company.ManagerTest" time="0.0"/>
  <testcase name="employerInitialWageTest" classname="it.unisa.company.ManagerTest" time="0.0"/>
  <system-out><![CDATA[]]></system-out>
  <system-err><![CDATA[]]></system-err>
</testsuite>
