<?xml version="1.0" encoding="UTF-8"?>
<testsuite name="PhoneCompanyTest" tests="1" skipped="0" failures="0" errors="0" timestamp="2022-10-21T13:55:59" hostname="LAPTOP-ESSJCQE0" time="0.009">
  <properties/>
  <testcase name="testSolution" classname="PhoneCompanyTest" time="0.009"/>
  <system-out><![CDATA[]]></system-out>
  <system-err><![CDATA[]]></system-err>
</testsuite>
