<?xml version="1.0" encoding="UTF-8"?>
<testsuite name="BankTest" tests="4" skipped="0" failures="0" errors="0" timestamp="2022-10-18T08:10:25" hostname="LAPTOP-ESSJCQE0" time="0.004">
  <properties/>
  <testcase name="transferTest" classname="BankTest" time="0.003"/>
  <testcase name="findAccountTest" classname="BankTest" time="0.0"/>
  <testcase name="depositTest" classname="BankTest" time="0.0"/>
  <testcase name="withdrawTest" classname="BankTest" time="0.0"/>
  <system-out><![CDATA[]]></system-out>
  <system-err><![CDATA[]]></system-err>
</testsuite>
