<?xml version="1.0" encoding="UTF-8"?>
<testsuite name="PurseTest" tests="8" skipped="0" failures="0" errors="0" timestamp="2022-10-18T08:09:26" hostname="LAPTOP-ESSJCQE0" time="0.06">
  <properties/>
  <testcase name="hasCoinTest" classname="PurseTest" time="0.015"/>
  <testcase name="findTest" classname="PurseTest" time="0.0"/>
  <testcase name="getTotalTest" classname="PurseTest" time="0.0"/>
  <testcase name="minMaxTest" classname="PurseTest" time="0.0"/>
  <testcase name="equalsTest" classname="PurseTest" time="0.001"/>
  <testcase name="toStringTest" classname="PurseTest" time="0.04"/>
  <testcase name="addRemoveTest" classname="PurseTest" time="0.001"/>
  <testcase name="countTest" classname="PurseTest" time="0.0"/>
  <system-out><![CDATA[]]></system-out>
  <system-err><![CDATA[]]></system-err>
</testsuite>
