<?xml version="1.0" encoding="UTF-8"?>
<testsuite name="it.unisa.medicaltests.MedicalTestListTest" tests="4" skipped="0" failures="0" errors="0" timestamp="2022-11-06T21:08:06" hostname="LAPTOP-ESSJCQE0" time="0.005">
  <properties/>
  <testcase name="addMedicalTest" classname="it.unisa.medicaltests.MedicalTestListTest" time="0.004"/>
  <testcase name="getMedicalTestByDoctor" classname="it.unisa.medicaltests.MedicalTestListTest" time="0.001"/>
  <testcase name="getMedicalTestByDate" classname="it.unisa.medicaltests.MedicalTestListTest" time="0.0"/>
  <testcase name="getAverageCost" classname="it.unisa.medicaltests.MedicalTestListTest" time="0.0"/>
  <system-out><![CDATA[]]></system-out>
  <system-err><![CDATA[]]></system-err>
</testsuite>
