<?xml version="1.0" encoding="UTF-8"?>
<testsuite name="it.unisa.school.ProfessorTest" tests="1" skipped="0" failures="0" errors="0" timestamp="2022-11-22T21:20:18" hostname="LAPTOP-ESSJCQE0" time="0.008">
  <properties/>
  <testcase name="testToString" classname="it.unisa.school.ProfessorTest" time="0.008"/>
  <system-out><![CDATA[]]></system-out>
  <system-err><![CDATA[]]></system-err>
</testsuite>
