<?xml version="1.0" encoding="UTF-8"?>
<testsuite name="it.unisa.school.PersonTest" tests="5" skipped="0" failures="0" errors="0" timestamp="2022-11-22T21:20:18" hostname="LAPTOP-ESSJCQE0" time="0.011">
  <properties/>
  <testcase name="tooOldYearTest" classname="it.unisa.school.PersonTest" time="0.002"/>
  <testcase name="spaceInPasswordTest" classname="it.unisa.school.PersonTest" time="0.0"/>
  <testcase name="toStringTest" classname="it.unisa.school.PersonTest" time="0.009"/>
  <testcase name="shortUserIdTest" classname="it.unisa.school.PersonTest" time="0.0"/>
  <testcase name="spaceInUserIdTest" classname="it.unisa.school.PersonTest" time="0.0"/>
  <system-out><![CDATA[]]></system-out>
  <system-err><![CDATA[]]></system-err>
</testsuite>
