<?xml version="1.0" encoding="UTF-8"?>
<testsuite name="CarSellerTest" tests="3" skipped="0" failures="0" errors="0" timestamp="2022-10-21T17:52:30" hostname="LAPTOP-ESSJCQE0" time="0.012">
  <properties/>
  <testcase name="getElementBrandYearTest" classname="CarSellerTest" time="0.009"/>
  <testcase name="getElementBrandPriceTest" classname="CarSellerTest" time="0.001"/>
  <testcase name="getElementBrandAndModelTest" classname="CarSellerTest" time="0.001"/>
  <system-out><![CDATA[]]></system-out>
  <system-err><![CDATA[]]></system-err>
</testsuite>
