<?xml version="1.0" encoding="UTF-8"?>
<testsuite name="it.unisa.financialhistory.FinancialHistoryTest" tests="5" skipped="0" failures="0" errors="0" timestamp="2022-11-22T21:35:43" hostname="LAPTOP-ESSJCQE0" time="0.005">
  <properties/>
  <testcase name="totalSpentFor" classname="it.unisa.financialhistory.FinancialHistoryTest" time="0.004"/>
  <testcase name="totalReceivedFrom" classname="it.unisa.financialhistory.FinancialHistoryTest" time="0.0"/>
  <testcase name="receiveFromTest" classname="it.unisa.financialhistory.FinancialHistoryTest" time="0.0"/>
  <testcase name="createAccountWithNegativeBalanceTest" classname="it.unisa.financialhistory.FinancialHistoryTest" time="0.0"/>
  <testcase name="spendForTest" classname="it.unisa.financialhistory.FinancialHistoryTest" time="0.0"/>
  <system-out><![CDATA[]]></system-out>
  <system-err><![CDATA[]]></system-err>
</testsuite>
