<?xml version="1.0" encoding="UTF-8"?>
<testsuite name="it.unisa.SMS.SMSOrganizerTest" tests="2" skipped="0" failures="0" errors="0" timestamp="2022-10-25T15:46:37" hostname="LAPTOP-ESSJCQE0" time="0.006">
  <properties/>
  <testcase name="testListByDate" classname="it.unisa.SMS.SMSOrganizerTest" time="0.004"/>
  <testcase name="testListBySender" classname="it.unisa.SMS.SMSOrganizerTest" time="0.001"/>
  <system-out><![CDATA[]]></system-out>
  <system-err><![CDATA[]]></system-err>
</testsuite>
