<?xml version="1.0" encoding="UTF-8"?>
<testsuite name="it.unisa.school.PersonTest" tests="1" skipped="0" failures="0" errors="0" timestamp="2022-11-06T18:31:58" hostname="LAPTOP-ESSJCQE0" time="0.01">
  <properties/>
  <testcase name="testToString" classname="it.unisa.school.PersonTest" time="0.01"/>
  <system-out><![CDATA[]]></system-out>
  <system-err><![CDATA[]]></system-err>
</testsuite>
