<?xml version="1.0" encoding="UTF-8"?>
<testsuite name="MagicSquareTest" tests="2" skipped="0" failures="0" errors="0" timestamp="2022-10-21T20:15:38" hostname="LAPTOP-ESSJCQE0" time="0.002">
  <properties/>
  <testcase name="falseMagicSquareTest" classname="MagicSquareTest" time="0.002"/>
  <testcase name="trueMagicSquareTest" classname="MagicSquareTest" time="0.0"/>
  <system-out><![CDATA[]]></system-out>
  <system-err><![CDATA[]]></system-err>
</testsuite>
